This is pdfTeX, Version 3.1415926-2.3-1.40.12 (MiKTeX 2.9) (preloaded format=pdflatex 2012.10.20)  28 NOV 2012 23:19
entering extended mode
**Arvind_Krishnaa_Jagannathan_Project_4.tex

("C:\Users\koolkid\Course Work\7637- KB-AI\Project4\Design Report\Arvind_Krishn
aa_Jagannathan_Project_4.tex"
LaTeX2e <2011/06/27>
Babel <v3.8m> and hyphenation patterns for english, afrikaans, ancientgreek, ar
abic, armenian, assamese, basque, bengali, bokmal, bulgarian, catalan, coptic, 
croatian, czech, danish, dutch, esperanto, estonian, farsi, finnish, french, ga
lician, german, german-x-2009-06-19, greek, gujarati, hindi, hungarian, iceland
ic, indonesian, interlingua, irish, italian, kannada, kurmanji, lao, latin, lat
vian, lithuanian, malayalam, marathi, mongolian, mongolianlmc, monogreek, ngerm
an, ngerman-x-2009-06-19, nynorsk, oriya, panjabi, pinyin, polish, portuguese, 
romanian, russian, sanskrit, serbian, slovak, slovenian, spanish, swedish, swis
sgerman, tamil, telugu, turkish, turkmen, ukenglish, ukrainian, uppersorbian, u
senglishmax, welsh, loaded.
("C:\Program Files\MiKTeX 2.9\tex\latex\base\article.cls"
Document Class: article 2007/10/19 v1.4h Standard LaTeX document class
("C:\Program Files\MiKTeX 2.9\tex\latex\base\size10.clo"
File: size10.clo 2007/10/19 v1.4h Standard LaTeX file (size option)
)
\c@part=\count79
\c@section=\count80
\c@subsection=\count81
\c@subsubsection=\count82
\c@paragraph=\count83
\c@subparagraph=\count84
\c@figure=\count85
\c@table=\count86
\abovecaptionskip=\skip41
\belowcaptionskip=\skip42
\bibindent=\dimen102
)
("C:\Program Files\MiKTeX 2.9\tex\latex\graphics\graphicx.sty"
Package: graphicx 1999/02/16 v1.0f Enhanced LaTeX Graphics (DPC,SPQR)

("C:\Program Files\MiKTeX 2.9\tex\latex\graphics\keyval.sty"
Package: keyval 1999/03/16 v1.13 key=value parser (DPC)
\KV@toks@=\toks14
)
("C:\Program Files\MiKTeX 2.9\tex\latex\graphics\graphics.sty"
Package: graphics 2009/02/05 v1.0o Standard LaTeX Graphics (DPC,SPQR)

("C:\Program Files\MiKTeX 2.9\tex\latex\graphics\trig.sty"
Package: trig 1999/03/16 v1.09 sin cos tan (DPC)
)
("C:\Program Files\MiKTeX 2.9\tex\latex\00miktex\graphics.cfg"
File: graphics.cfg 2007/01/18 v1.5 graphics configuration of teTeX/TeXLive
)
Package graphics Info: Driver file: pdftex.def on input line 91.

("C:\Program Files\MiKTeX 2.9\tex\latex\pdftex-def\pdftex.def"
File: pdftex.def 2011/05/27 v0.06d Graphics/color for pdfTeX

("C:\Program Files\MiKTeX 2.9\tex\generic\oberdiek\infwarerr.sty"
Package: infwarerr 2010/04/08 v1.3 Providing info/warning/error messages (HO)
)
("C:\Program Files\MiKTeX 2.9\tex\generic\oberdiek\ltxcmds.sty"
Package: ltxcmds 2011/11/09 v1.22 LaTeX kernel commands for general use (HO)
)
\Gread@gobject=\count87
))
\Gin@req@height=\dimen103
\Gin@req@width=\dimen104
)
("C:\Program Files\MiKTeX 2.9\tex\latex\float\float.sty"
Package: float 2001/11/08 v1.3d Float enhancements (AL)
\c@float@type=\count88
\float@exts=\toks15
\float@box=\box26
\@float@everytoks=\toks16
\@floatcapt=\box27
)
(C:\Users\koolkid\AppData\Roaming\MiKTeX\2.9\tex\latex\listings\listings.sty
\lst@mode=\count89
\lst@gtempboxa=\box28
\lst@token=\toks17
\lst@length=\count90
\lst@currlwidth=\dimen105
\lst@column=\count91
\lst@pos=\count92
\lst@lostspace=\dimen106
\lst@width=\dimen107
\lst@newlines=\count93
\lst@lineno=\count94
\lst@maxwidth=\dimen108

(C:\Users\koolkid\AppData\Roaming\MiKTeX\2.9\tex\latex\listings\lstmisc.sty
File: lstmisc.sty 2007/02/22 1.4 (Carsten Heinz)
\c@lstnumber=\count95
\lst@skipnumbers=\count96
\lst@framebox=\box29
)
(C:\Users\koolkid\AppData\Roaming\MiKTeX\2.9\tex\latex\listings\listings.cfg
File: listings.cfg 2007/02/22 1.4 listings configuration
))
Package: listings 2007/02/22 1.4 (Carsten Heinz)

(C:\Users\koolkid\AppData\Roaming\MiKTeX\2.9\tex\latex\comment\comment.sty
\CommentStream=\write3

Excluding comment 'comment')
(C:\Users\koolkid\AppData\Roaming\MiKTeX\2.9\tex\latex\fancyvrb\fancyvrb.sty
Package: fancyvrb 2008/02/07

Style option: `fancyvrb' v2.7a, with DG/SPQR fixes, and firstline=lastline fix 
<2008/02/07> (tvz)
\FV@CodeLineNo=\count97
\FV@InFile=\read1
\FV@TabBox=\box30
\c@FancyVerbLine=\count98
\FV@StepNumber=\count99
\FV@OutFile=\write4
)
(C:\Users\koolkid\AppData\Roaming\MiKTeX\2.9\tex\latex\booktabs\booktabs.sty
Package: booktabs 2005/04/14 v1.61803 publication quality tables
\heavyrulewidth=\dimen109
\lightrulewidth=\dimen110
\cmidrulewidth=\dimen111
\belowrulesep=\dimen112
\belowbottomsep=\dimen113
\aboverulesep=\dimen114
\abovetopsep=\dimen115
\cmidrulesep=\dimen116
\cmidrulekern=\dimen117
\defaultaddspace=\dimen118
\@cmidla=\count100
\@cmidlb=\count101
\@aboverulesep=\dimen119
\@belowrulesep=\dimen120
\@thisruleclass=\count102
\@lastruleclass=\count103
\@thisrulewidth=\dimen121
)
("C:\Program Files\MiKTeX 2.9\tex\latex\graphics\color.sty"
Package: color 2005/11/14 v1.0j Standard LaTeX Color (DPC)

("C:\Program Files\MiKTeX 2.9\tex\latex\00miktex\color.cfg"
File: color.cfg 2007/01/18 v1.5 color configuration of teTeX/TeXLive
)
Package color Info: Driver file: pdftex.def on input line 130.

("C:\Program Files\MiKTeX 2.9\tex\latex\graphics\dvipsnam.def"
File: dvipsnam.def 1999/02/16 v3.0i Driver-dependant file (DPC,SPQR)
))
(C:\Users\koolkid\AppData\Roaming\MiKTeX\2.9\tex\latex\caption\caption.sty
Package: caption 2012/02/19 v3.2f Customizing captions (AR)

(C:\Users\koolkid\AppData\Roaming\MiKTeX\2.9\tex\latex\caption\caption3.sty
Package: caption3 2012/01/12 v1.4b caption3 kernel (AR)
\captionmargin=\dimen122
\captionmargin@=\dimen123
\captionwidth=\dimen124
\caption@indent=\dimen125
\caption@parindent=\dimen126
\caption@hangindent=\dimen127
)
\c@ContinuedFloat=\count104
Package caption Info: float package is loaded.
Package caption Info: listings package is loaded.
)
(C:\Users\koolkid\AppData\Roaming\MiKTeX\2.9\tex\latex\algorithms\algorithm.sty
Package: algorithm 2009/08/24 v0.1 Document Style `algorithm' - floating enviro
nment
("C:\Program Files\MiKTeX 2.9\tex\latex\base\ifthen.sty"
Package: ifthen 2001/05/26 v1.1c Standard LaTeX ifthen package (DPC)
)
\@float@every@algorithm=\toks18
\c@algorithm=\count105
)
(C:\Users\koolkid\AppData\Roaming\MiKTeX\2.9\tex\latex\algorithmicx\algpseudoco
de.sty
Package: algpseudocode 

(C:\Users\koolkid\AppData\Roaming\MiKTeX\2.9\tex\latex\algorithmicx\algorithmic
x.sty
Package: algorithmicx 2005/04/27 v1.2 Algorithmicx

Document Style algorithmicx 1.2 - a greatly improved `algorithmic' style
\c@ALG@line=\count106
\c@ALG@rem=\count107
\c@ALG@nested=\count108
\ALG@tlm=\skip43
\ALG@thistlm=\skip44
\c@ALG@Lnr=\count109
\c@ALG@blocknr=\count110
\c@ALG@storecount=\count111
\c@ALG@tmpcounter=\count112
\ALG@tmplength=\skip45
)
Document Style - pseudocode environments for use with the `algorithmicx' style
) ("C:\Program Files\MiKTeX 2.9\tex\latex\geometry\geometry.sty"
Package: geometry 2010/09/12 v5.6 Page Geometry

("C:\Program Files\MiKTeX 2.9\tex\generic\oberdiek\ifpdf.sty"
Package: ifpdf 2011/01/30 v2.3 Provides the ifpdf switch (HO)
Package ifpdf Info: pdfTeX in PDF mode is detected.
)
("C:\Program Files\MiKTeX 2.9\tex\generic\oberdiek\ifvtex.sty"
Package: ifvtex 2010/03/01 v1.5 Detect VTeX and its facilities (HO)
Package ifvtex Info: VTeX not detected.
)
("C:\Program Files\MiKTeX 2.9\tex\generic\ifxetex\ifxetex.sty"
Package: ifxetex 2010/09/12 v0.6 Provides ifxetex conditional
)
\Gm@cnth=\count113
\Gm@cntv=\count114
\c@Gm@tempcnt=\count115
\Gm@bindingoffset=\dimen128
\Gm@wd@mp=\dimen129
\Gm@odd@mp=\dimen130
\Gm@even@mp=\dimen131
\Gm@layoutwidth=\dimen132
\Gm@layoutheight=\dimen133
\Gm@layouthoffset=\dimen134
\Gm@layoutvoffset=\dimen135
\Gm@dimlist=\toks19

("C:\Program Files\MiKTeX 2.9\tex\latex\geometry\geometry.cfg"))
("C:\Program Files\MiKTeX 2.9\tex\latex\hyperref\hyperref.sty"
Package: hyperref 2012/05/13 v6.82q Hypertext links for LaTeX

("C:\Program Files\MiKTeX 2.9\tex\generic\oberdiek\hobsub-hyperref.sty"
Package: hobsub-hyperref 2012/04/25 v1.12 Bundle oberdiek, subset hyperref (HO)


("C:\Program Files\MiKTeX 2.9\tex\generic\oberdiek\hobsub-generic.sty"
Package: hobsub-generic 2012/04/25 v1.12 Bundle oberdiek, subset generic (HO)
Package: hobsub 2012/04/25 v1.12 Construct package bundles (HO)
Package hobsub Info: Skipping package `infwarerr' (already loaded).
Package hobsub Info: Skipping package `ltxcmds' (already loaded).
Package: ifluatex 2010/03/01 v1.3 Provides the ifluatex switch (HO)
Package ifluatex Info: LuaTeX not detected.
Package hobsub Info: Skipping package `ifvtex' (already loaded).
Package: intcalc 2007/09/27 v1.1 Expandable calculations with integers (HO)
Package hobsub Info: Skipping package `ifpdf' (already loaded).
Package: etexcmds 2011/02/16 v1.5 Avoid name clashes with e-TeX commands (HO)
Package etexcmds Info: Could not find \expanded.
(etexcmds)             That can mean that you are not using pdfTeX 1.50 or
(etexcmds)             that some package has redefined \expanded.
(etexcmds)             In the latter case, load this package earlier.
Package: kvsetkeys 2012/04/25 v1.16 Key value parser (HO)
Package: kvdefinekeys 2011/04/07 v1.3 Define keys (HO)
Package: pdftexcmds 2011/11/29 v0.20 Utility functions of pdfTeX for LuaTeX (HO
)
Package pdftexcmds Info: LuaTeX not detected.
Package pdftexcmds Info: \pdf@primitive is available.
Package pdftexcmds Info: \pdf@ifprimitive is available.
Package pdftexcmds Info: \pdfdraftmode found.
Package: pdfescape 2011/11/25 v1.13 Implements pdfTeX's escape features (HO)
Package: bigintcalc 2012/04/08 v1.3 Expandable calculations on big integers (HO
)
Package: bitset 2011/01/30 v1.1 Handle bit-vector datatype (HO)
Package: uniquecounter 2011/01/30 v1.2 Provide unlimited unique counter (HO)
)
Package hobsub Info: Skipping package `hobsub' (already loaded).
Package: letltxmacro 2010/09/02 v1.4 Let assignment for LaTeX macros (HO)
Package: hopatch 2011/06/24 v1.1 Wrapper for package hooks (HO)
Package: xcolor-patch 2011/01/30 xcolor patch
Package: atveryend 2011/06/30 v1.8 Hooks at the very end of document (HO)
Package atveryend Info: \enddocument detected (standard20110627).
Package: atbegshi 2011/10/05 v1.16 At begin shipout hook (HO)
Package: refcount 2011/10/16 v3.4 Data extraction from label references (HO)
Package: hycolor 2011/01/30 v1.7 Color options for hyperref/bookmark (HO)
)
("C:\Program Files\MiKTeX 2.9\tex\latex\oberdiek\kvoptions.sty"
Package: kvoptions 2011/06/30 v3.11 Key value format for package options (HO)
)
\@linkdim=\dimen136
\Hy@linkcounter=\count116
\Hy@pagecounter=\count117

("C:\Program Files\MiKTeX 2.9\tex\latex\hyperref\pd1enc.def"
File: pd1enc.def 2012/05/13 v6.82q Hyperref: PDFDocEncoding definition (HO)
)
\Hy@SavedSpaceFactor=\count118

("C:\Program Files\MiKTeX 2.9\tex\latex\00miktex\hyperref.cfg"
File: hyperref.cfg 2002/06/06 v1.2 hyperref configuration of TeXLive
)
Package hyperref Info: Hyper figures OFF on input line 4062.
Package hyperref Info: Link nesting OFF on input line 4067.
Package hyperref Info: Hyper index ON on input line 4070.
Package hyperref Info: Plain pages OFF on input line 4077.
Package hyperref Info: Backreferencing OFF on input line 4082.
Package hyperref Info: Implicit mode ON; LaTeX internals redefined.
Package hyperref Info: Bookmarks ON on input line 4300.
\c@Hy@tempcnt=\count119

("C:\Program Files\MiKTeX 2.9\tex\latex\ltxmisc\url.sty"
\Urlmuskip=\muskip10
Package: url 2006/04/12  ver 3.3  Verb mode for urls, etc.
)
LaTeX Info: Redefining \url on input line 4653.
\Fld@menulength=\count120
\Field@Width=\dimen137
\Fld@charsize=\dimen138
Package hyperref Info: Hyper figures OFF on input line 5773.
Package hyperref Info: Link nesting OFF on input line 5778.
Package hyperref Info: Hyper index ON on input line 5781.
Package hyperref Info: backreferencing OFF on input line 5788.
Package hyperref Info: Link coloring OFF on input line 5793.
Package hyperref Info: Link coloring with OCG OFF on input line 5798.
Package hyperref Info: PDF/A mode OFF on input line 5803.
LaTeX Info: Redefining \ref on input line 5843.
LaTeX Info: Redefining \pageref on input line 5847.
\Hy@abspage=\count121
\c@Item=\count122
\c@Hfootnote=\count123
)

Package hyperref Message: Driver (autodetected): hpdftex.

("C:\Program Files\MiKTeX 2.9\tex\latex\hyperref\hpdftex.def"
File: hpdftex.def 2012/05/13 v6.82q Hyperref driver for pdfTeX
\Fld@listcount=\count124
\c@bookmark@seq@number=\count125

("C:\Program Files\MiKTeX 2.9\tex\latex\oberdiek\rerunfilecheck.sty"
Package: rerunfilecheck 2011/04/15 v1.7 Rerun checks for auxiliary files (HO)
Package uniquecounter Info: New unique counter `rerunfilecheck' on input line 2
82.
)
\Hy@SectionHShift=\skip46
)
Package hyperref Info: Option `colorlinks' set `true' on input line 23.


LaTeX Warning: Unused global option(s):
    [letter].


("C:\Users\koolkid\Course Work\7637- KB-AI\Project4\Design Report\Arvind_Krishn
aa_Jagannathan_Project_4.aux")
LaTeX Font Info:    Checking defaults for OML/cmm/m/it on input line 24.
LaTeX Font Info:    ... okay on input line 24.
LaTeX Font Info:    Checking defaults for T1/cmr/m/n on input line 24.
LaTeX Font Info:    ... okay on input line 24.
LaTeX Font Info:    Checking defaults for OT1/cmr/m/n on input line 24.
LaTeX Font Info:    ... okay on input line 24.
LaTeX Font Info:    Checking defaults for OMS/cmsy/m/n on input line 24.
LaTeX Font Info:    ... okay on input line 24.
LaTeX Font Info:    Checking defaults for OMX/cmex/m/n on input line 24.
LaTeX Font Info:    ... okay on input line 24.
LaTeX Font Info:    Checking defaults for U/cmr/m/n on input line 24.
LaTeX Font Info:    ... okay on input line 24.
LaTeX Font Info:    Checking defaults for PD1/pdf/m/n on input line 24.
LaTeX Font Info:    ... okay on input line 24.

(C:\Users\koolkid\AppData\Roaming\MiKTeX\2.9\tex\context\base\supp-pdf.mkii
[Loading MPS to PDF converter (version 2006.09.02).]
\scratchcounter=\count126
\scratchdimen=\dimen139
\scratchbox=\box31
\nofMPsegments=\count127
\nofMParguments=\count128
\everyMPshowfont=\toks20
\MPscratchCnt=\count129
\MPscratchDim=\dimen140
\MPnumerator=\count130
\makeMPintoPDFobject=\count131
\everyMPtoPDFconversion=\toks21
)
\c@lstlisting=\count132
Package caption Info: Begin \AtBeginDocument code.
Package caption Info: hyperref package is loaded.
Package caption Info: End \AtBeginDocument code.

*geometry* driver: auto-detecting
*geometry* detected driver: pdftex
*geometry* verbose mode - [ preamble ] result:
* driver: pdftex
* paper: <default>
* layout: <same size as paper>
* layoutoffset:(h,v)=(0.0pt,0.0pt)
* modes: 
* h-part:(L,W,R)=(72.26999pt, 469.75502pt, 72.26999pt)
* v-part:(T,H,B)=(72.26999pt, 650.43001pt, 72.26999pt)
* \paperwidth=614.295pt
* \paperheight=794.96999pt
* \textwidth=469.75502pt
* \textheight=650.43001pt
* \oddsidemargin=0.0pt
* \evensidemargin=0.0pt
* \topmargin=-37.0pt
* \headheight=12.0pt
* \headsep=25.0pt
* \topskip=10.0pt
* \footskip=30.0pt
* \marginparwidth=65.0pt
* \marginparsep=11.0pt
* \columnsep=10.0pt
* \skip\footins=9.0pt plus 4.0pt minus 2.0pt
* \hoffset=0.0pt
* \voffset=0.0pt
* \mag=1000
* \@twocolumnfalse
* \@twosidefalse
* \@mparswitchfalse
* \@reversemarginfalse
* (1in=72.27pt=25.4mm, 1cm=28.453pt)

\AtBeginShipoutBox=\box32
Package hyperref Info: Link coloring ON on input line 24.
("C:\Program Files\MiKTeX 2.9\tex\latex\hyperref\nameref.sty"
Package: nameref 2010/04/30 v2.40 Cross-referencing by name of section

("C:\Program Files\MiKTeX 2.9\tex\generic\oberdiek\gettitlestring.sty"
Package: gettitlestring 2010/12/03 v1.4 Cleanup title references (HO)
)
\c@section@level=\count133
)
LaTeX Info: Redefining \ref on input line 24.
LaTeX Info: Redefining \pageref on input line 24.
LaTeX Info: Redefining \nameref on input line 24.

("C:\Users\koolkid\Course Work\7637- KB-AI\Project4\Design Report\Arvind_Krishn
aa_Jagannathan_Project_4.out")
("C:\Users\koolkid\Course Work\7637- KB-AI\Project4\Design Report\Arvind_Krishn
aa_Jagannathan_Project_4.out")
\@outlinefile=\write5
LaTeX Font Info:    External font `cmex10' loaded for size
(Font)              <12> on input line 31.
LaTeX Font Info:    External font `cmex10' loaded for size
(Font)              <8> on input line 31.
LaTeX Font Info:    External font `cmex10' loaded for size
(Font)              <6> on input line 31.

<Images/Fig2.png, id=24, 335.75438pt x 293.59688pt>
File: Images/Fig2.png Graphic file (type png)
 <use Images/Fig2.png>
Package pdftex.def Info: Images/Fig2.png used on input line 44.
(pdftex.def)             Requested size: 201.45418pt x 176.15947pt.

[1

{C:/Users/koolkid/AppData/Local/MiKTeX/2.9/pdftex/config/pdftex.map} <C:/Users/
koolkid/Course Work/7637- KB-AI/Project4/Design Report/Images/Fig2.png>]
<Images/Fig1.png, id=37, 441.14813pt x 264.23718pt>
File: Images/Fig1.png Graphic file (type png)
 <use Images/Fig1.png>
Package pdftex.def Info: Images/Fig1.png used on input line 53.
(pdftex.def)             Requested size: 220.57352pt x 132.11826pt.

<Images/Fig3.png, id=39, 441.14813pt x 264.23718pt>
File: Images/Fig3.png Graphic file (type png)
 <use Images/Fig3.png>
Package pdftex.def Info: Images/Fig3.png used on input line 71.
(pdftex.def)             Requested size: 220.57352pt x 132.11826pt.

[2 <C:/Users/koolkid/Course Work/7637- KB-AI/Project4/Design Report/Images/Fig1
.png>]
Overfull \hbox (25.00003pt too wide) in paragraph at lines 79--82
[] 
 []


Overfull \hbox (25.00003pt too wide) in paragraph at lines 82--85
[] 
 []

[3 <C:/Users/koolkid/Course Work/7637- KB-AI/Project4/Design Report/Images/Fig3
.png>]
LaTeX Font Info:    External font `cmex10' loaded for size
(Font)              <7> on input line 101.
LaTeX Font Info:    External font `cmex10' loaded for size
(Font)              <5> on input line 101.
 <Images/Fig4.png, id=68, 287.57437pt x 260.47313pt>
File: Images/Fig4.png Graphic file (type png)

<use Images/Fig4.png>
Package pdftex.def Info: Images/Fig4.png used on input line 105.
(pdftex.def)             Requested size: 115.02771pt x 104.1874pt.
 <Images/Fig5.png, id=69, 284.56313pt x 287.57437pt>
File: Images/Fig5.png Graphic file (type png)

<use Images/Fig5.png>
Package pdftex.def Info: Images/Fig5.png used on input line 112.
(pdftex.def)             Requested size: 113.82323pt x 115.02771pt.
 [4 <C:/Users/koolkid/Course Work/7637- KB-AI/Project4/Design Report/Images/Fig
4.png> <C:/Users/koolkid/Course Work/7637- KB-AI/Project4/Design Report/Images/
Fig5.png>]
LaTeX Font Info:    Try loading font information for OMS+cmr on input line 147.


("C:\Program Files\MiKTeX 2.9\tex\latex\base\omscmr.fd"
File: omscmr.fd 1999/05/25 v2.5h Standard LaTeX font definitions
)
LaTeX Font Info:    Font shape `OMS/cmr/m/n' in size <10> not available
(Font)              Font shape `OMS/cmsy/m/n' tried instead on input line 147.
 [5] [6] [7]
<Images/Fig6.png, id=157, 865.73438pt x 944.7797pt>
File: Images/Fig6.png Graphic file (type png)
 <use Images/Fig6.png>
Package pdftex.def Info: Images/Fig6.png used on input line 248.
(pdftex.def)             Requested size: 303.01157pt x 330.67784pt.


LaTeX Warning: `!h' float specifier changed to `!ht'.

<Images/Fig7.png, id=158, 1951.29pt x 2373.61781pt>
File: Images/Fig7.png Graphic file (type png)
 <use Images/Fig7.png>
Package pdftex.def Info: Images/Fig7.png used on input line 255.
(pdftex.def)             Requested size: 487.8213pt x 593.403pt.

Overfull \hbox (18.06628pt too wide) in paragraph at lines 255--256
 [][] 
 []


LaTeX Warning: `!h' float specifier changed to `!ht'.

<Images/Fig8.png, id=159, 411.03563pt x 724.95844pt>
File: Images/Fig8.png Graphic file (type png)
 <use Images/Fig8.png>
Package pdftex.def Info: Images/Fig8.png used on input line 262.
(pdftex.def)             Requested size: 143.86462pt x 253.73924pt.


LaTeX Warning: `!h' float specifier changed to `!ht'.

<Images/fig9_flowchart.png, id=161, 652.68843pt x 1077.27469pt>
File: Images/fig9_flowchart.png Graphic file (type png)

<use Images/fig9_flowchart.png>
Package pdftex.def Info: Images/fig9_flowchart.png used on input line 270.
(pdftex.def)             Requested size: 228.44437pt x 377.05179pt.


LaTeX Warning: `!h' float specifier changed to `!ht'.

<Images/Fig9.png, id=163, 447.92343pt x 268.75406pt>
File: Images/Fig9.png Graphic file (type png)
 <use Images/Fig9.png>
Package pdftex.def Info: Images/Fig9.png used on input line 282.
(pdftex.def)             Requested size: 223.96117pt x 134.3767pt.


LaTeX Warning: `!h' float specifier changed to `!ht'.

[8] [9 <C:/Users/koolkid/Course Work/7637- KB-AI/Project4/Design Report/Images/
Fig6.png>]

LaTeX Warning: Text page 10 contains only floats.

[10 <C:/Users/koolkid/Course Work/7637- KB-AI/Project4/Design Report/Images/Fig
7.png>] <Images/Fig10.png, id=203, 501.37312pt x 258.21469pt>
File: Images/Fig10.png Graphic file (type png)

<use Images/Fig10.png>
Package pdftex.def Info: Images/Fig10.png used on input line 319.
(pdftex.def)             Requested size: 250.68594pt x 129.10703pt.


LaTeX Warning: `!h' float specifier changed to `!ht'.

[11 <C:/Users/koolkid/Course Work/7637- KB-AI/Project4/Design Report/Images/Fig
8.png>] [12 <C:/Users/koolkid/Course Work/7637- KB-AI/Project4/Design Report/Im
ages/fig9_flowchart.png> <C:/Users/koolkid/Course Work/7637- KB-AI/Project4/Des
ign Report/Images/Fig9.png>]
<Images/Fig11.png, id=227, 498.36188pt x 523.9575pt>
File: Images/Fig11.png Graphic file (type png)
 <use Images/Fig11.png>
Package pdftex.def Info: Images/Fig11.png used on input line 360.
(pdftex.def)             Requested size: 124.59016pt x 130.98904pt.

[13 <C:/Users/koolkid/Course Work/7637- KB-AI/Project4/Design Report/Images/Fig
10.png> <C:/Users/koolkid/Course Work/7637- KB-AI/Project4/Design Report/Images
/Fig11.png>]
File: Images/Fig11.png Graphic file (type png)
 <use Images/Fig11.png>
Package pdftex.def Info: Images/Fig11.png used on input line 416.
(pdftex.def)             Requested size: 124.59016pt x 130.98904pt.
 [14] [15]
Underfull \hbox (badness 10000) in paragraph at lines 470--473

 []

[16] <Images/Exp1.png, id=310, 240.14719pt x 204.01219pt>
File: Images/Exp1.png Graphic file (type png)

<use Images/Exp1.png>
Package pdftex.def Info: Images/Exp1.png used on input line 512.
(pdftex.def)             Requested size: 108.06522pt x 91.80463pt.
 [17]
<Images/Exp2.png, id=322, 478.03593pt x 539.76656pt>
File: Images/Exp2.png Graphic file (type png)
 <use Images/Exp2.png>
Package pdftex.def Info: Images/Exp2.png used on input line 529.
(pdftex.def)             Requested size: 119.50868pt x 134.9413pt.

[18 <C:/Users/koolkid/Course Work/7637- KB-AI/Project4/Design Report/Images/Exp
1.png> <C:/Users/koolkid/Course Work/7637- KB-AI/Project4/Design Report/Images/
Exp2.png>] <Images/con1.png, id=337, 441.14813pt x 317.68687pt>
File: Images/con1.png Graphic file (type png)

<use Images/con1.png>
Package pdftex.def Info: Images/con1.png used on input line 564.
(pdftex.def)             Requested size: 132.34546pt x 95.3068pt.


LaTeX Warning: `!h' float specifier changed to `!ht'.

Missing character: There is no â in font cmr10!
Missing character: There is no € in font cmr10!
Missing character: There is no ™ in font cmr10!
[19]
Package atveryend Info: Empty hook `BeforeClearDocument' on input line 582.
 [20 <C:/Users/koolkid/Course Work/7637- KB-AI/Project4/Design Report/Images/co
n1.png>]
Package atveryend Info: Empty hook `AfterLastShipout' on input line 582.

("C:\Users\koolkid\Course Work\7637- KB-AI\Project4\Design Report\Arvind_Krishn
aa_Jagannathan_Project_4.aux")
Package atveryend Info: Executing hook `AtVeryEndDocument' on input line 582.
Package atveryend Info: Executing hook `AtEndAfterFileList' on input line 582.
Package rerunfilecheck Info: File `Arvind_Krishnaa_Jagannathan_Project_4.out' h
as not changed.
(rerunfilecheck)             Checksum: 53A1EDBA21CF7AE948E5D65F471B52FB;332.
Package atveryend Info: Empty hook `AtVeryVeryEnd' on input line 582.
 ) 
Here is how much of TeX's memory you used:
 9041 strings out of 494045
 137392 string characters out of 3148380
 234125 words of memory out of 3000000
 12036 multiletter control sequences out of 15000+200000
 9017 words of font info for 32 fonts, out of 3000000 for 9000
 715 hyphenation exceptions out of 8191
 36i,8n,38p,1179b,466s stack positions out of 5000i,500n,10000p,200000b,50000s
<C:/Program Files/MiKTeX 2.9/fonts/type1/public/amsfonts/cm/cmbx10.pfb><C:/Pr
ogram Files/MiKTeX 2.9/fonts/type1/public/amsfonts/cm/cmbx12.pfb><C:/Program Fi
les/MiKTeX 2.9/fonts/type1/public/amsfonts/cm/cmcsc10.pfb><C:/Program Files/MiK
TeX 2.9/fonts/type1/public/amsfonts/cm/cmmi10.pfb><C:/Program Files/MiKTeX 2.9/
fonts/type1/public/amsfonts/cm/cmmi7.pfb><C:/Program Files/MiKTeX 2.9/fonts/typ
e1/public/amsfonts/cm/cmr10.pfb><C:/Program Files/MiKTeX 2.9/fonts/type1/public
/amsfonts/cm/cmr12.pfb><C:/Program Files/MiKTeX 2.9/fonts/type1/public/amsfonts
/cm/cmr6.pfb><C:/Program Files/MiKTeX 2.9/fonts/type1/public/amsfonts/cm/cmr7.p
fb><C:/Program Files/MiKTeX 2.9/fonts/type1/public/amsfonts/cm/cmr8.pfb><C:/Pro
gram Files/MiKTeX 2.9/fonts/type1/public/amsfonts/cm/cmsy10.pfb><C:/Program Fil
es/MiKTeX 2.9/fonts/type1/public/amsfonts/cm/cmsy7.pfb><C:/Program Files/MiKTeX
 2.9/fonts/type1/public/amsfonts/cm/cmti10.pfb><C:/Program Files/MiKTeX 2.9/fon
ts/type1/public/amsfonts/cm/cmtt10.pfb>
Output written on Arvind_Krishnaa_Jagannathan_Project_4.pdf (20 pages, 980145 b
ytes).
PDF statistics:
 448 PDF objects out of 1000 (max. 8388607)
 207 named destinations out of 1000 (max. 500000)
 116 words of extra memory for PDF output out of 10000 (max. 10000000)

